2025-09-22T17:19:18.318+1200 [INFO]  Terraform version: 1.12.1
2025-09-22T17:19:18.319+1200 [DEBUG] using github.com/hashicorp/go-tfe v1.74.1
2025-09-22T17:19:18.319+1200 [DEBUG] using github.com/hashicorp/hcl/v2 v2.23.1-0.20250203194505-ba0759438da2
2025-09-22T17:19:18.319+1200 [DEBUG] using github.com/hashicorp/terraform-svchost v0.1.1
2025-09-22T17:19:18.319+1200 [DEBUG] using github.com/zclconf/go-cty v1.16.2
2025-09-22T17:19:18.319+1200 [INFO]  Go runtime version: go1.24.2
2025-09-22T17:19:18.319+1200 [INFO]  CLI args: []string{"terraform", "init"}
2025-09-22T17:19:18.319+1200 [DEBUG] Attempting to open CLI config file: /Users/rosenorthey/.terraformrc
2025-09-22T17:19:18.319+1200 [DEBUG] File doesn't exist, but doesn't need to. Ignoring.
2025-09-22T17:19:18.319+1200 [DEBUG] checking for credentials in "/Users/rosenorthey/.terraform.d/plugins"
2025-09-22T17:19:18.319+1200 [DEBUG] ignoring non-existing provider search directory terraform.d/plugins
2025-09-22T17:19:18.319+1200 [DEBUG] will search for provider plugins in /Users/rosenorthey/.terraform.d/plugins
2025-09-22T17:19:18.321+1200 [DEBUG] ignoring non-existing provider search directory /Users/rosenorthey/Library/Application Support/io.terraform/plugins
2025-09-22T17:19:18.321+1200 [DEBUG] ignoring non-existing provider search directory /Library/Application Support/io.terraform/plugins
2025-09-22T17:19:18.322+1200 [INFO]  CLI command args: []string{"init"}
2025-09-22T17:19:18.325+1200 [DEBUG] checking for provisioner in "."
2025-09-22T17:19:18.326+1200 [DEBUG] checking for provisioner in "/opt/homebrew/bin"
2025-09-22T17:19:18.326+1200 [DEBUG] checking for provisioner in "/Users/rosenorthey/.terraform.d/plugins"
2025-09-22T17:19:19.882+1200 [INFO]  Terraform version: 1.12.1
2025-09-22T17:19:19.883+1200 [DEBUG] using github.com/hashicorp/go-tfe v1.74.1
2025-09-22T17:19:19.883+1200 [DEBUG] using github.com/hashicorp/hcl/v2 v2.23.1-0.20250203194505-ba0759438da2
2025-09-22T17:19:19.883+1200 [DEBUG] using github.com/hashicorp/terraform-svchost v0.1.1
2025-09-22T17:19:19.883+1200 [DEBUG] using github.com/zclconf/go-cty v1.16.2
2025-09-22T17:19:19.883+1200 [INFO]  Go runtime version: go1.24.2
2025-09-22T17:19:19.883+1200 [INFO]  CLI args: []string{"terraform", "apply"}
2025-09-22T17:19:19.883+1200 [DEBUG] Attempting to open CLI config file: /Users/rosenorthey/.terraformrc
2025-09-22T17:19:19.883+1200 [DEBUG] File doesn't exist, but doesn't need to. Ignoring.
2025-09-22T17:19:19.883+1200 [DEBUG] checking for credentials in "/Users/rosenorthey/.terraform.d/plugins"
2025-09-22T17:19:19.883+1200 [DEBUG] ignoring non-existing provider search directory terraform.d/plugins
2025-09-22T17:19:19.883+1200 [DEBUG] will search for provider plugins in /Users/rosenorthey/.terraform.d/plugins
2025-09-22T17:19:19.884+1200 [DEBUG] ignoring non-existing provider search directory /Users/rosenorthey/Library/Application Support/io.terraform/plugins
2025-09-22T17:19:19.884+1200 [DEBUG] ignoring non-existing provider search directory /Library/Application Support/io.terraform/plugins
2025-09-22T17:19:19.884+1200 [INFO]  CLI command args: []string{"apply"}
2025-09-22T17:19:19.903+1200 [DEBUG] checking for provisioner in "."
2025-09-22T17:19:19.904+1200 [DEBUG] checking for provisioner in "/opt/homebrew/bin"
2025-09-22T17:19:19.904+1200 [DEBUG] checking for provisioner in "/Users/rosenorthey/.terraform.d/plugins"
2025-09-22T17:19:19.906+1200 [INFO]  backend/local: starting Apply operation
2025-09-22T17:19:19.911+1200 [DEBUG] created provider logger: level=debug
2025-09-22T17:19:19.911+1200 [INFO]  provider: configuring client automatic mTLS
2025-09-22T17:19:19.918+1200 [DEBUG] provider: starting plugin: path=.terraform/providers/octopus.com/com/octopusdeploy/1.2.100/darwin_arm64/terraform-provider-octopusdeploy args=[".terraform/providers/octopus.com/com/octopusdeploy/1.2.100/darwin_arm64/terraform-provider-octopusdeploy"]
2025-09-22T17:19:19.920+1200 [DEBUG] provider: plugin started: path=.terraform/providers/octopus.com/com/octopusdeploy/1.2.100/darwin_arm64/terraform-provider-octopusdeploy pid=78818
2025-09-22T17:19:19.920+1200 [DEBUG] provider: waiting for RPC address: plugin=.terraform/providers/octopus.com/com/octopusdeploy/1.2.100/darwin_arm64/terraform-provider-octopusdeploy
2025-09-22T17:19:19.938+1200 [INFO]  provider.terraform-provider-octopusdeploy: configuring server automatic mTLS: timestamp="2025-09-22T17:19:19.938+1200"
2025-09-22T17:19:19.942+1200 [DEBUG] provider: using plugin: version=6
2025-09-22T17:19:19.943+1200 [DEBUG] provider.terraform-provider-octopusdeploy: plugin address: address=/var/folders/nw/vlbn00ld48db1lf8dvwyg03m0000gn/T/plugin4104753685 network=unix timestamp="2025-09-22T17:19:19.942+1200"
2025-09-22T17:19:19.953+1200 [DEBUG] provider.terraform-provider-octopusdeploy: lifecycles datasource Metadata: @caller=/Users/rosenorthey/dev/terraform-provider-octopusdeploy/octopusdeploy_framework/datasource_lifecycle.go:38 @module=octopusdeploy tf_provider_addr=registry.terraform.io/OctopusDeployLabs/octopusdeploy tf_req_id=865b9546-331f-c202-5d07-d8e5ec79999f tf_mux_provider="*proto6server.Server" tf_rpc=GetProviderSchema timestamp="2025-09-22T17:19:19.953+1200"
2025-09-22T17:19:19.953+1200 [DEBUG] provider.terraform-provider-octopusdeploy: library variable set Metadata: @module=octopusdeploy tf_mux_provider="*proto6server.Server" tf_provider_addr=registry.terraform.io/OctopusDeployLabs/octopusdeploy @caller=/Users/rosenorthey/dev/terraform-provider-octopusdeploy/octopusdeploy_framework/data_source_library_variable_sets.go:39 tf_req_id=865b9546-331f-c202-5d07-d8e5ec79999f tf_rpc=GetProviderSchema timestamp="2025-09-22T17:19:19.953+1200"
2025-09-22T17:19:19.953+1200 [DEBUG] provider.terraform-provider-octopusdeploy: script modules datasource Metadata: @caller=/Users/rosenorthey/dev/terraform-provider-octopusdeploy/octopusdeploy_framework/data_source_script_modules.go:27 @module=octopusdeploy tf_mux_provider="*proto6server.Server" tf_provider_addr=registry.terraform.io/OctopusDeployLabs/octopusdeploy tf_req_id=865b9546-331f-c202-5d07-d8e5ec79999f tf_rpc=GetProviderSchema timestamp="2025-09-22T17:19:19.953+1200"
2025-09-22T17:19:19.953+1200 [DEBUG] provider.terraform-provider-octopusdeploy: script modules datasource Schema: tf_mux_provider="*proto6server.Server" tf_provider_addr=registry.terraform.io/OctopusDeployLabs/octopusdeploy @caller=/Users/rosenorthey/dev/terraform-provider-octopusdeploy/octopusdeploy_framework/data_source_script_modules.go:32 tf_req_id=865b9546-331f-c202-5d07-d8e5ec79999f tf_rpc=GetProviderSchema @module=octopusdeploy timestamp="2025-09-22T17:19:19.953+1200"
2025-09-22T17:19:19.953+1200 [DEBUG] provider.terraform-provider-octopusdeploy: lifecycles datasource Schema: tf_provider_addr=registry.terraform.io/OctopusDeployLabs/octopusdeploy tf_rpc=GetProviderSchema @caller=/Users/rosenorthey/dev/terraform-provider-octopusdeploy/octopusdeploy_framework/datasource_lifecycle.go:43 @module=octopusdeploy tf_mux_provider="*proto6server.Server" tf_req_id=865b9546-331f-c202-5d07-d8e5ec79999f timestamp="2025-09-22T17:19:19.953+1200"
2025-09-22T17:19:19.953+1200 [DEBUG] provider.terraform-provider-octopusdeploy: library variable set Schema: @module=octopusdeploy tf_rpc=GetProviderSchema @caller=/Users/rosenorthey/dev/terraform-provider-octopusdeploy/octopusdeploy_framework/data_source_library_variable_sets.go:44 tf_mux_provider="*proto6server.Server" tf_provider_addr=registry.terraform.io/OctopusDeployLabs/octopusdeploy tf_req_id=865b9546-331f-c202-5d07-d8e5ec79999f timestamp="2025-09-22T17:19:19.953+1200"
2025-09-22T17:19:19.965+1200 [DEBUG] provider.stdio: received EOF, stopping recv loop: err="rpc error: code = Unavailable desc = error reading from server: EOF"
2025-09-22T17:19:19.967+1200 [INFO]  provider: plugin process exited: plugin=.terraform/providers/octopus.com/com/octopusdeploy/1.2.100/darwin_arm64/terraform-provider-octopusdeploy id=78818
2025-09-22T17:19:19.967+1200 [DEBUG] provider: plugin exited
2025-09-22T17:19:19.967+1200 [DEBUG] Building and walking validate graph
2025-09-22T17:19:19.969+1200 [DEBUG] ProviderTransformer: "octopusdeploy_lifecycle.lifecycle-2" (*terraform.NodeValidatableResource) needs provider["octopus.com/com/octopusdeploy"]
2025-09-22T17:19:19.969+1200 [DEBUG] ReferenceTransformer: "octopusdeploy_lifecycle.lifecycle-2" references: []
2025-09-22T17:19:19.969+1200 [DEBUG] ReferenceTransformer: "provider[\"octopus.com/com/octopusdeploy\"]" references: []
2025-09-22T17:19:19.969+1200 [DEBUG] Starting graph walk: walkValidate
2025-09-22T17:19:19.971+1200 [DEBUG] created provider logger: level=debug
2025-09-22T17:19:19.971+1200 [INFO]  provider: configuring client automatic mTLS
2025-09-22T17:19:19.973+1200 [DEBUG] provider: starting plugin: path=.terraform/providers/octopus.com/com/octopusdeploy/1.2.100/darwin_arm64/terraform-provider-octopusdeploy args=[".terraform/providers/octopus.com/com/octopusdeploy/1.2.100/darwin_arm64/terraform-provider-octopusdeploy"]
2025-09-22T17:19:19.975+1200 [DEBUG] provider: plugin started: path=.terraform/providers/octopus.com/com/octopusdeploy/1.2.100/darwin_arm64/terraform-provider-octopusdeploy pid=78819
2025-09-22T17:19:19.975+1200 [DEBUG] provider: waiting for RPC address: plugin=.terraform/providers/octopus.com/com/octopusdeploy/1.2.100/darwin_arm64/terraform-provider-octopusdeploy
2025-09-22T17:19:19.987+1200 [INFO]  provider.terraform-provider-octopusdeploy: configuring server automatic mTLS: timestamp="2025-09-22T17:19:19.987+1200"
2025-09-22T17:19:19.991+1200 [DEBUG] provider: using plugin: version=6
2025-09-22T17:19:19.991+1200 [DEBUG] provider.terraform-provider-octopusdeploy: plugin address: address=/var/folders/nw/vlbn00ld48db1lf8dvwyg03m0000gn/T/plugin3615407871 network=unix timestamp="2025-09-22T17:19:19.991+1200"
2025-09-22T17:19:19.997+1200 [DEBUG] provider.terraform-provider-octopusdeploy: lifecycles datasource Metadata: @module=octopusdeploy tf_provider_addr=registry.terraform.io/OctopusDeployLabs/octopusdeploy tf_resource_type=octopusdeploy_lifecycle tf_rpc=GetMetadata @caller=/Users/rosenorthey/dev/terraform-provider-octopusdeploy/octopusdeploy_framework/datasource_lifecycle.go:38 tf_mux_provider="*proto6server.Server" tf_req_id=207a490e-0c1a-e3b8-9c75-ed504beaf5fe timestamp="2025-09-22T17:19:19.997+1200"
2025-09-22T17:19:19.997+1200 [DEBUG] provider.terraform-provider-octopusdeploy: library variable set Metadata: @caller=/Users/rosenorthey/dev/terraform-provider-octopusdeploy/octopusdeploy_framework/data_source_library_variable_sets.go:39 @module=octopusdeploy tf_req_id=207a490e-0c1a-e3b8-9c75-ed504beaf5fe tf_resource_type=octopusdeploy_lifecycle tf_mux_provider="*proto6server.Server" tf_provider_addr=registry.terraform.io/OctopusDeployLabs/octopusdeploy tf_rpc=GetMetadata timestamp="2025-09-22T17:19:19.997+1200"
2025-09-22T17:19:19.997+1200 [DEBUG] provider.terraform-provider-octopusdeploy: script modules datasource Metadata: @module=octopusdeploy tf_provider_addr=registry.terraform.io/OctopusDeployLabs/octopusdeploy tf_resource_type=octopusdeploy_lifecycle @caller=/Users/rosenorthey/dev/terraform-provider-octopusdeploy/octopusdeploy_framework/data_source_script_modules.go:27 tf_mux_provider="*proto6server.Server" tf_req_id=207a490e-0c1a-e3b8-9c75-ed504beaf5fe tf_rpc=GetMetadata timestamp="2025-09-22T17:19:19.997+1200"
2025-09-22T17:19:19.999+1200 [DEBUG] provider.stdio: received EOF, stopping recv loop: err="rpc error: code = Unavailable desc = error reading from server: EOF"
2025-09-22T17:19:19.999+1200 [INFO]  provider: plugin process exited: plugin=.terraform/providers/octopus.com/com/octopusdeploy/1.2.100/darwin_arm64/terraform-provider-octopusdeploy id=78819
2025-09-22T17:19:19.999+1200 [DEBUG] provider: plugin exited
2025-09-22T17:19:19.999+1200 [INFO]  backend/local: apply calling Plan
2025-09-22T17:19:20.000+1200 [DEBUG] Building and walking plan graph for NormalMode
2025-09-22T17:19:20.000+1200 [DEBUG] ProviderTransformer: "octopusdeploy_lifecycle.lifecycle-2 (expand)" (*terraform.nodeExpandPlannableResource) needs provider["octopus.com/com/octopusdeploy"]
2025-09-22T17:19:20.000+1200 [DEBUG] ReferenceTransformer: "octopusdeploy_lifecycle.lifecycle-2 (expand)" references: []
2025-09-22T17:19:20.000+1200 [DEBUG] ReferenceTransformer: "provider[\"octopus.com/com/octopusdeploy\"]" references: []
2025-09-22T17:19:20.000+1200 [DEBUG] Starting graph walk: walkPlan
2025-09-22T17:19:20.001+1200 [DEBUG] created provider logger: level=debug
2025-09-22T17:19:20.001+1200 [INFO]  provider: configuring client automatic mTLS
2025-09-22T17:19:20.002+1200 [DEBUG] provider: starting plugin: path=.terraform/providers/octopus.com/com/octopusdeploy/1.2.100/darwin_arm64/terraform-provider-octopusdeploy args=[".terraform/providers/octopus.com/com/octopusdeploy/1.2.100/darwin_arm64/terraform-provider-octopusdeploy"]
2025-09-22T17:19:20.003+1200 [DEBUG] provider: plugin started: path=.terraform/providers/octopus.com/com/octopusdeploy/1.2.100/darwin_arm64/terraform-provider-octopusdeploy pid=78820
2025-09-22T17:19:20.003+1200 [DEBUG] provider: waiting for RPC address: plugin=.terraform/providers/octopus.com/com/octopusdeploy/1.2.100/darwin_arm64/terraform-provider-octopusdeploy
2025-09-22T17:19:20.015+1200 [INFO]  provider.terraform-provider-octopusdeploy: configuring server automatic mTLS: timestamp="2025-09-22T17:19:20.015+1200"
2025-09-22T17:19:20.019+1200 [DEBUG] provider: using plugin: version=6
2025-09-22T17:19:20.019+1200 [DEBUG] provider.terraform-provider-octopusdeploy: plugin address: address=/var/folders/nw/vlbn00ld48db1lf8dvwyg03m0000gn/T/plugin2225579852 network=unix timestamp="2025-09-22T17:19:20.019+1200"
2025-09-22T17:19:20.023+1200 [DEBUG] provider.terraform-provider-octopusdeploy: SetOctopus: @caller=/Users/rosenorthey/dev/terraform-provider-octopusdeploy/octopusdeploy_framework/config.go:29 @module=octopusdeploy tf_mux_provider="*proto6server.Server" tf_provider_addr=registry.terraform.io/OctopusDeployLabs/octopusdeploy tf_req_id=3b5a1f0c-e730-7d36-1c22-407bed0c0436 tf_rpc=ConfigureProvider timestamp="2025-09-22T17:19:20.023+1200"
2025-09-22T17:19:20.023+1200 [DEBUG] provider.terraform-provider-octopusdeploy: GetClient: @caller=/Users/rosenorthey/dev/terraform-provider-octopusdeploy/octopusdeploy_framework/config.go:50 tf_provider_addr=registry.terraform.io/OctopusDeployLabs/octopusdeploy tf_req_id=3b5a1f0c-e730-7d36-1c22-407bed0c0436 tf_rpc=ConfigureProvider @module=octopusdeploy tf_mux_provider="*proto6server.Server" timestamp="2025-09-22T17:19:20.023+1200"
2025-09-22T17:19:20.023+1200 [DEBUG] provider.terraform-provider-octopusdeploy: GetClient: Trying the following auth methods in order of priority - APIKey, AccessToken: @module=octopusdeploy tf_rpc=ConfigureProvider @caller=/Users/rosenorthey/dev/terraform-provider-octopusdeploy/octopusdeploy_framework/config.go:129 tf_mux_provider="*proto6server.Server" tf_provider_addr=registry.terraform.io/OctopusDeployLabs/octopusdeploy tf_req_id=3b5a1f0c-e730-7d36-1c22-407bed0c0436 timestamp="2025-09-22T17:19:20.023+1200"
2025-09-22T17:19:20.023+1200 [DEBUG] provider.terraform-provider-octopusdeploy: GetClient: Attempting to authenticate with API Key: @module=octopusdeploy tf_mux_provider="*proto6server.Server" tf_rpc=ConfigureProvider @caller=/Users/rosenorthey/dev/terraform-provider-octopusdeploy/octopusdeploy_framework/config.go:132 tf_provider_addr=registry.terraform.io/OctopusDeployLabs/octopusdeploy tf_req_id=3b5a1f0c-e730-7d36-1c22-407bed0c0436 timestamp="2025-09-22T17:19:20.023+1200"
2025-09-22T17:19:20.214+1200 [DEBUG] provider.terraform-provider-octopusdeploy: GetClient: Trying the following auth methods in order of priority - APIKey, AccessToken: @caller=/Users/rosenorthey/dev/terraform-provider-octopusdeploy/octopusdeploy_framework/config.go:129 @module=octopusdeploy tf_mux_provider="*proto6server.Server" tf_provider_addr=registry.terraform.io/OctopusDeployLabs/octopusdeploy tf_req_id=3b5a1f0c-e730-7d36-1c22-407bed0c0436 tf_rpc=ConfigureProvider timestamp="2025-09-22T17:19:20.214+1200"
2025-09-22T17:19:20.214+1200 [DEBUG] provider.terraform-provider-octopusdeploy: GetClient: Attempting to authenticate with API Key: @caller=/Users/rosenorthey/dev/terraform-provider-octopusdeploy/octopusdeploy_framework/config.go:132 @module=octopusdeploy tf_mux_provider="*proto6server.Server" tf_req_id=3b5a1f0c-e730-7d36-1c22-407bed0c0436 tf_rpc=ConfigureProvider tf_provider_addr=registry.terraform.io/OctopusDeployLabs/octopusdeploy timestamp="2025-09-22T17:19:20.214+1200"
2025-09-22T17:19:20.259+1200 [DEBUG] provider.terraform-provider-octopusdeploy: GetClient completed: true: tf_req_id=3b5a1f0c-e730-7d36-1c22-407bed0c0436 @module=octopusdeploy tf_mux_provider="*proto6server.Server" tf_provider_addr=registry.terraform.io/OctopusDeployLabs/octopusdeploy tf_rpc=ConfigureProvider @caller=/Users/rosenorthey/dev/terraform-provider-octopusdeploy/octopusdeploy_framework/config.go:72 timestamp="2025-09-22T17:19:20.259+1200"
2025-09-22T17:19:20.259+1200 [DEBUG] provider.terraform-provider-octopusdeploy: SetOctopusVersion: tf_provider_addr=registry.terraform.io/OctopusDeployLabs/octopusdeploy tf_rpc=ConfigureProvider @caller=/Users/rosenorthey/dev/terraform-provider-octopusdeploy/octopusdeploy_framework/config.go:97 tf_mux_provider="*proto6server.Server" tf_req_id=3b5a1f0c-e730-7d36-1c22-407bed0c0436 @module=octopusdeploy timestamp="2025-09-22T17:19:20.259+1200"
2025-09-22T17:19:20.274+1200 [DEBUG] provider.terraform-provider-octopusdeploy: SetOctopusVersion completed with 0.0.0-local: tf_provider_addr=registry.terraform.io/OctopusDeployLabs/octopusdeploy tf_req_id=3b5a1f0c-e730-7d36-1c22-407bed0c0436 @caller=/Users/rosenorthey/dev/terraform-provider-octopusdeploy/octopusdeploy_framework/config.go:105 @module=octopusdeploy tf_mux_provider="*proto6server.Server" tf_rpc=ConfigureProvider timestamp="2025-09-22T17:19:20.274+1200"
2025-09-22T17:19:20.274+1200 [DEBUG] provider.terraform-provider-octopusdeploy: SetFeatureToggles: tf_rpc=ConfigureProvider @caller=/Users/rosenorthey/dev/terraform-provider-octopusdeploy/octopusdeploy_framework/config.go:77 tf_mux_provider="*proto6server.Server" tf_provider_addr=registry.terraform.io/OctopusDeployLabs/octopusdeploy tf_req_id=3b5a1f0c-e730-7d36-1c22-407bed0c0436 @module=octopusdeploy timestamp="2025-09-22T17:19:20.274+1200"
2025-09-22T17:19:20.283+1200 [DEBUG] provider.terraform-provider-octopusdeploy: SetFeatureToggles completed with 134 features: tf_req_id=3b5a1f0c-e730-7d36-1c22-407bed0c0436 @caller=/Users/rosenorthey/dev/terraform-provider-octopusdeploy/octopusdeploy_framework/config.go:93 tf_mux_provider="*proto6server.Server" tf_provider_addr=registry.terraform.io/OctopusDeployLabs/octopusdeploy tf_rpc=ConfigureProvider @module=octopusdeploy timestamp="2025-09-22T17:19:20.283+1200"
2025-09-22T17:19:20.283+1200 [DEBUG] provider.terraform-provider-octopusdeploy: SetOctopus completed: @module=octopusdeploy tf_provider_addr=registry.terraform.io/OctopusDeployLabs/octopusdeploy tf_rpc=ConfigureProvider tf_mux_provider="*proto6server.Server" tf_req_id=3b5a1f0c-e730-7d36-1c22-407bed0c0436 @caller=/Users/rosenorthey/dev/terraform-provider-octopusdeploy/octopusdeploy_framework/config.go:45 timestamp="2025-09-22T17:19:20.283+1200"
2025-09-22T17:19:20.351+1200 [DEBUG] Resource instance state not found for node "octopusdeploy_lifecycle.lifecycle-2", instance octopusdeploy_lifecycle.lifecycle-2
2025-09-22T17:19:20.351+1200 [DEBUG] ReferenceTransformer: "octopusdeploy_lifecycle.lifecycle-2" references: []
2025-09-22T17:19:20.351+1200 [DEBUG] refresh: octopusdeploy_lifecycle.lifecycle-2: no state, so not refreshing
2025-09-22T17:19:20.352+1200 [DEBUG] provider.terraform-provider-octopusdeploy: lifecycles datasource Metadata: @caller=/Users/rosenorthey/dev/terraform-provider-octopusdeploy/octopusdeploy_framework/datasource_lifecycle.go:38 @module=octopusdeploy tf_mux_provider="*proto6server.Server" tf_provider_addr=registry.terraform.io/OctopusDeployLabs/octopusdeploy tf_resource_type=octopusdeploy_lifecycle tf_req_id=d5ffdc86-0311-43dd-833f-b0c17d52b9db tf_rpc=GetMetadata timestamp="2025-09-22T17:19:20.352+1200"
2025-09-22T17:19:20.352+1200 [DEBUG] provider.terraform-provider-octopusdeploy: library variable set Metadata: tf_mux_provider="*proto6server.Server" tf_req_id=d5ffdc86-0311-43dd-833f-b0c17d52b9db tf_resource_type=octopusdeploy_lifecycle tf_rpc=GetMetadata @caller=/Users/rosenorthey/dev/terraform-provider-octopusdeploy/octopusdeploy_framework/data_source_library_variable_sets.go:39 tf_provider_addr=registry.terraform.io/OctopusDeployLabs/octopusdeploy @module=octopusdeploy timestamp="2025-09-22T17:19:20.352+1200"
2025-09-22T17:19:20.352+1200 [DEBUG] provider.terraform-provider-octopusdeploy: script modules datasource Metadata: tf_resource_type=octopusdeploy_lifecycle @module=octopusdeploy tf_rpc=GetMetadata @caller=/Users/rosenorthey/dev/terraform-provider-octopusdeploy/octopusdeploy_framework/data_source_script_modules.go:27 tf_mux_provider="*proto6server.Server" tf_provider_addr=registry.terraform.io/OctopusDeployLabs/octopusdeploy tf_req_id=d5ffdc86-0311-43dd-833f-b0c17d52b9db timestamp="2025-09-22T17:19:20.352+1200"
2025-09-22T17:19:20.354+1200 [DEBUG] provider.terraform-provider-octopusdeploy: Marking Computed attributes with null configuration values as unknown (known after apply) in the plan to prevent potential Terraform errors: tf_rpc=PlanResourceChange @caller=/Users/rosenorthey/go/pkg/mod/github.com/hashicorp/terraform-plugin-framework@v1.11.0/internal/fwserver/server_planresourcechange.go:217 @module=sdk.framework tf_mux_provider="*proto6server.Server" tf_provider_addr=registry.terraform.io/OctopusDeployLabs/octopusdeploy tf_req_id=f2a52aca-6c9d-09a7-79a6-50ca1d7c6e7c tf_resource_type=octopusdeploy_lifecycle timestamp="2025-09-22T17:19:20.354+1200"
2025-09-22T17:19:20.355+1200 [DEBUG] provider.terraform-provider-octopusdeploy: marking computed attribute that is null in the config as unknown: @module=sdk.framework tf_mux_provider="*proto6server.Server" tf_req_id=f2a52aca-6c9d-09a7-79a6-50ca1d7c6e7c @caller=/Users/rosenorthey/go/pkg/mod/github.com/hashicorp/terraform-plugin-framework@v1.11.0/internal/fwserver/server_planresourcechange.go:467 tf_attribute_path="AttributeName(\"space_id\")" tf_provider_addr=registry.terraform.io/OctopusDeployLabs/octopusdeploy tf_resource_type=octopusdeploy_lifecycle tf_rpc=PlanResourceChange timestamp="2025-09-22T17:19:20.355+1200"
2025-09-22T17:19:20.355+1200 [DEBUG] provider.terraform-provider-octopusdeploy: marking computed attribute that is null in the config as unknown: @module=sdk.framework tf_attribute_path="AttributeName(\"release_retention_policy\").ElementKeyInt(0).AttributeName(\"unit\")" tf_provider_addr=registry.terraform.io/OctopusDeployLabs/octopusdeploy tf_req_id=f2a52aca-6c9d-09a7-79a6-50ca1d7c6e7c tf_mux_provider="*proto6server.Server" tf_resource_type=octopusdeploy_lifecycle tf_rpc=PlanResourceChange @caller=/Users/rosenorthey/go/pkg/mod/github.com/hashicorp/terraform-plugin-framework@v1.11.0/internal/fwserver/server_planresourcechange.go:467 timestamp="2025-09-22T17:19:20.355+1200"
2025-09-22T17:19:20.355+1200 [DEBUG] provider.terraform-provider-octopusdeploy: marking computed attribute that is null in the config as unknown: @caller=/Users/rosenorthey/go/pkg/mod/github.com/hashicorp/terraform-plugin-framework@v1.11.0/internal/fwserver/server_planresourcechange.go:467 tf_attribute_path="AttributeName(\"release_retention_policy\").ElementKeyInt(0).AttributeName(\"should_keep_forever\")" tf_provider_addr=registry.terraform.io/OctopusDeployLabs/octopusdeploy tf_req_id=f2a52aca-6c9d-09a7-79a6-50ca1d7c6e7c tf_resource_type=octopusdeploy_lifecycle @module=sdk.framework tf_mux_provider="*proto6server.Server" tf_rpc=PlanResourceChange timestamp="2025-09-22T17:19:20.355+1200"
2025-09-22T17:19:20.355+1200 [DEBUG] provider.terraform-provider-octopusdeploy: marking computed attribute that is null in the config as unknown: tf_attribute_path="AttributeName(\"id\")" tf_mux_provider="*proto6server.Server" tf_resource_type=octopusdeploy_lifecycle tf_rpc=PlanResourceChange @caller=/Users/rosenorthey/go/pkg/mod/github.com/hashicorp/terraform-plugin-framework@v1.11.0/internal/fwserver/server_planresourcechange.go:467 @module=sdk.framework tf_provider_addr=registry.terraform.io/OctopusDeployLabs/octopusdeploy tf_req_id=f2a52aca-6c9d-09a7-79a6-50ca1d7c6e7c timestamp="2025-09-22T17:19:20.355+1200"
2025-09-22T17:19:20.357+1200 [DEBUG] provider.stdio: received EOF, stopping recv loop: err="rpc error: code = Unavailable desc = error reading from server: EOF"
2025-09-22T17:19:20.359+1200 [INFO]  provider: plugin process exited: plugin=.terraform/providers/octopus.com/com/octopusdeploy/1.2.100/darwin_arm64/terraform-provider-octopusdeploy id=78820
2025-09-22T17:19:20.359+1200 [DEBUG] provider: plugin exited
2025-09-22T17:19:20.359+1200 [DEBUG] building apply graph to check for errors
2025-09-22T17:19:20.359+1200 [DEBUG] Resource state not found for node "octopusdeploy_lifecycle.lifecycle-2", instance octopusdeploy_lifecycle.lifecycle-2
2025-09-22T17:19:20.359+1200 [DEBUG] ProviderTransformer: "octopusdeploy_lifecycle.lifecycle-2 (expand)" (*terraform.nodeExpandApplyableResource) needs provider["octopus.com/com/octopusdeploy"]
2025-09-22T17:19:20.359+1200 [DEBUG] ProviderTransformer: "octopusdeploy_lifecycle.lifecycle-2" (*terraform.NodeApplyableResourceInstance) needs provider["octopus.com/com/octopusdeploy"]
2025-09-22T17:19:20.359+1200 [DEBUG] ReferenceTransformer: "provider[\"octopus.com/com/octopusdeploy\"]" references: []
2025-09-22T17:19:20.359+1200 [DEBUG] ReferenceTransformer: "octopusdeploy_lifecycle.lifecycle-2 (expand)" references: []
2025-09-22T17:19:20.359+1200 [DEBUG] ReferenceTransformer: "octopusdeploy_lifecycle.lifecycle-2" references: []
2025-09-22T17:19:20.362+1200 [DEBUG] command: asking for input: "\nDo you want to perform these actions?"
2025-09-22T17:19:21.634+1200 [INFO]  backend/local: apply calling Apply
2025-09-22T17:19:21.634+1200 [DEBUG] Building and walking apply graph for NormalMode plan
2025-09-22T17:19:21.634+1200 [DEBUG] Resource state not found for node "octopusdeploy_lifecycle.lifecycle-2", instance octopusdeploy_lifecycle.lifecycle-2
2025-09-22T17:19:21.634+1200 [DEBUG] ProviderTransformer: "octopusdeploy_lifecycle.lifecycle-2 (expand)" (*terraform.nodeExpandApplyableResource) needs provider["octopus.com/com/octopusdeploy"]
2025-09-22T17:19:21.634+1200 [DEBUG] ProviderTransformer: "octopusdeploy_lifecycle.lifecycle-2" (*terraform.NodeApplyableResourceInstance) needs provider["octopus.com/com/octopusdeploy"]
2025-09-22T17:19:21.634+1200 [DEBUG] ReferenceTransformer: "octopusdeploy_lifecycle.lifecycle-2 (expand)" references: []
2025-09-22T17:19:21.634+1200 [DEBUG] ReferenceTransformer: "octopusdeploy_lifecycle.lifecycle-2" references: []
2025-09-22T17:19:21.634+1200 [DEBUG] ReferenceTransformer: "provider[\"octopus.com/com/octopusdeploy\"]" references: []
2025-09-22T17:19:21.635+1200 [DEBUG] Starting graph walk: walkApply
2025-09-22T17:19:21.636+1200 [DEBUG] created provider logger: level=debug
2025-09-22T17:19:21.636+1200 [INFO]  provider: configuring client automatic mTLS
2025-09-22T17:19:21.640+1200 [DEBUG] provider: starting plugin: path=.terraform/providers/octopus.com/com/octopusdeploy/1.2.100/darwin_arm64/terraform-provider-octopusdeploy args=[".terraform/providers/octopus.com/com/octopusdeploy/1.2.100/darwin_arm64/terraform-provider-octopusdeploy"]
2025-09-22T17:19:21.643+1200 [DEBUG] provider: plugin started: path=.terraform/providers/octopus.com/com/octopusdeploy/1.2.100/darwin_arm64/terraform-provider-octopusdeploy pid=78828
2025-09-22T17:19:21.644+1200 [DEBUG] provider: waiting for RPC address: plugin=.terraform/providers/octopus.com/com/octopusdeploy/1.2.100/darwin_arm64/terraform-provider-octopusdeploy
2025-09-22T17:19:21.668+1200 [INFO]  provider.terraform-provider-octopusdeploy: configuring server automatic mTLS: timestamp="2025-09-22T17:19:21.667+1200"
2025-09-22T17:19:21.674+1200 [DEBUG] provider: using plugin: version=6
2025-09-22T17:19:21.674+1200 [DEBUG] provider.terraform-provider-octopusdeploy: plugin address: address=/var/folders/nw/vlbn00ld48db1lf8dvwyg03m0000gn/T/plugin173666281 network=unix timestamp="2025-09-22T17:19:21.674+1200"
2025-09-22T17:19:21.682+1200 [DEBUG] provider.terraform-provider-octopusdeploy: SetOctopus: tf_rpc=ConfigureProvider @module=octopusdeploy tf_mux_provider="*proto6server.Server" tf_provider_addr=registry.terraform.io/OctopusDeployLabs/octopusdeploy tf_req_id=1d6be900-9d73-9453-baeb-742f230a2c79 @caller=/Users/rosenorthey/dev/terraform-provider-octopusdeploy/octopusdeploy_framework/config.go:29 timestamp="2025-09-22T17:19:21.682+1200"
2025-09-22T17:19:21.682+1200 [DEBUG] provider.terraform-provider-octopusdeploy: GetClient: tf_provider_addr=registry.terraform.io/OctopusDeployLabs/octopusdeploy tf_req_id=1d6be900-9d73-9453-baeb-742f230a2c79 tf_rpc=ConfigureProvider @caller=/Users/rosenorthey/dev/terraform-provider-octopusdeploy/octopusdeploy_framework/config.go:50 @module=octopusdeploy tf_mux_provider="*proto6server.Server" timestamp="2025-09-22T17:19:21.682+1200"
2025-09-22T17:19:21.682+1200 [DEBUG] provider.terraform-provider-octopusdeploy: GetClient: Trying the following auth methods in order of priority - APIKey, AccessToken: tf_mux_provider="*proto6server.Server" tf_provider_addr=registry.terraform.io/OctopusDeployLabs/octopusdeploy @caller=/Users/rosenorthey/dev/terraform-provider-octopusdeploy/octopusdeploy_framework/config.go:129 tf_req_id=1d6be900-9d73-9453-baeb-742f230a2c79 tf_rpc=ConfigureProvider @module=octopusdeploy timestamp="2025-09-22T17:19:21.682+1200"
2025-09-22T17:19:21.682+1200 [DEBUG] provider.terraform-provider-octopusdeploy: GetClient: Attempting to authenticate with API Key: @module=octopusdeploy tf_provider_addr=registry.terraform.io/OctopusDeployLabs/octopusdeploy tf_rpc=ConfigureProvider @caller=/Users/rosenorthey/dev/terraform-provider-octopusdeploy/octopusdeploy_framework/config.go:132 tf_mux_provider="*proto6server.Server" tf_req_id=1d6be900-9d73-9453-baeb-742f230a2c79 timestamp="2025-09-22T17:19:21.682+1200"
2025-09-22T17:19:21.833+1200 [DEBUG] provider.terraform-provider-octopusdeploy: GetClient: Trying the following auth methods in order of priority - APIKey, AccessToken: tf_rpc=ConfigureProvider @caller=/Users/rosenorthey/dev/terraform-provider-octopusdeploy/octopusdeploy_framework/config.go:129 @module=octopusdeploy tf_provider_addr=registry.terraform.io/OctopusDeployLabs/octopusdeploy tf_mux_provider="*proto6server.Server" tf_req_id=1d6be900-9d73-9453-baeb-742f230a2c79 timestamp="2025-09-22T17:19:21.833+1200"
2025-09-22T17:19:21.834+1200 [DEBUG] provider.terraform-provider-octopusdeploy: GetClient: Attempting to authenticate with API Key: @caller=/Users/rosenorthey/dev/terraform-provider-octopusdeploy/octopusdeploy_framework/config.go:132 tf_mux_provider="*proto6server.Server" tf_provider_addr=registry.terraform.io/OctopusDeployLabs/octopusdeploy tf_rpc=ConfigureProvider @module=octopusdeploy tf_req_id=1d6be900-9d73-9453-baeb-742f230a2c79 timestamp="2025-09-22T17:19:21.833+1200"
2025-09-22T17:19:21.889+1200 [DEBUG] provider.terraform-provider-octopusdeploy: GetClient completed: true: @module=octopusdeploy tf_mux_provider="*proto6server.Server" tf_provider_addr=registry.terraform.io/OctopusDeployLabs/octopusdeploy tf_req_id=1d6be900-9d73-9453-baeb-742f230a2c79 @caller=/Users/rosenorthey/dev/terraform-provider-octopusdeploy/octopusdeploy_framework/config.go:72 tf_rpc=ConfigureProvider timestamp="2025-09-22T17:19:21.889+1200"
2025-09-22T17:19:21.889+1200 [DEBUG] provider.terraform-provider-octopusdeploy: SetOctopusVersion: @caller=/Users/rosenorthey/dev/terraform-provider-octopusdeploy/octopusdeploy_framework/config.go:97 @module=octopusdeploy tf_req_id=1d6be900-9d73-9453-baeb-742f230a2c79 tf_rpc=ConfigureProvider tf_mux_provider="*proto6server.Server" tf_provider_addr=registry.terraform.io/OctopusDeployLabs/octopusdeploy timestamp="2025-09-22T17:19:21.889+1200"
2025-09-22T17:19:21.911+1200 [DEBUG] provider.terraform-provider-octopusdeploy: SetOctopusVersion completed with 0.0.0-local: tf_mux_provider="*proto6server.Server" @module=octopusdeploy tf_provider_addr=registry.terraform.io/OctopusDeployLabs/octopusdeploy tf_req_id=1d6be900-9d73-9453-baeb-742f230a2c79 tf_rpc=ConfigureProvider @caller=/Users/rosenorthey/dev/terraform-provider-octopusdeploy/octopusdeploy_framework/config.go:105 timestamp="2025-09-22T17:19:21.911+1200"
2025-09-22T17:19:21.911+1200 [DEBUG] provider.terraform-provider-octopusdeploy: SetFeatureToggles: tf_provider_addr=registry.terraform.io/OctopusDeployLabs/octopusdeploy @caller=/Users/rosenorthey/dev/terraform-provider-octopusdeploy/octopusdeploy_framework/config.go:77 @module=octopusdeploy tf_req_id=1d6be900-9d73-9453-baeb-742f230a2c79 tf_rpc=ConfigureProvider tf_mux_provider="*proto6server.Server" timestamp="2025-09-22T17:19:21.911+1200"
2025-09-22T17:19:21.923+1200 [DEBUG] provider.terraform-provider-octopusdeploy: SetFeatureToggles completed with 134 features: @caller=/Users/rosenorthey/dev/terraform-provider-octopusdeploy/octopusdeploy_framework/config.go:93 @module=octopusdeploy tf_provider_addr=registry.terraform.io/OctopusDeployLabs/octopusdeploy tf_mux_provider="*proto6server.Server" tf_req_id=1d6be900-9d73-9453-baeb-742f230a2c79 tf_rpc=ConfigureProvider timestamp="2025-09-22T17:19:21.922+1200"
2025-09-22T17:19:21.923+1200 [DEBUG] provider.terraform-provider-octopusdeploy: SetOctopus completed: tf_mux_provider="*proto6server.Server" tf_provider_addr=registry.terraform.io/OctopusDeployLabs/octopusdeploy tf_req_id=1d6be900-9d73-9453-baeb-742f230a2c79 tf_rpc=ConfigureProvider @caller=/Users/rosenorthey/dev/terraform-provider-octopusdeploy/octopusdeploy_framework/config.go:45 @module=octopusdeploy timestamp="2025-09-22T17:19:21.922+1200"
2025-09-22T17:19:21.993+1200 [DEBUG] provider.terraform-provider-octopusdeploy: lifecycles datasource Metadata: tf_mux_provider="*proto6server.Server" tf_provider_addr=registry.terraform.io/OctopusDeployLabs/octopusdeploy tf_resource_type=octopusdeploy_lifecycle @caller=/Users/rosenorthey/dev/terraform-provider-octopusdeploy/octopusdeploy_framework/datasource_lifecycle.go:38 @module=octopusdeploy tf_req_id=17386a23-5649-2488-4f06-2edea4ea5d55 tf_rpc=GetMetadata timestamp="2025-09-22T17:19:21.992+1200"
2025-09-22T17:19:21.993+1200 [DEBUG] provider.terraform-provider-octopusdeploy: library variable set Metadata: @module=octopusdeploy tf_resource_type=octopusdeploy_lifecycle tf_rpc=GetMetadata @caller=/Users/rosenorthey/dev/terraform-provider-octopusdeploy/octopusdeploy_framework/data_source_library_variable_sets.go:39 tf_mux_provider="*proto6server.Server" tf_provider_addr=registry.terraform.io/OctopusDeployLabs/octopusdeploy tf_req_id=17386a23-5649-2488-4f06-2edea4ea5d55 timestamp="2025-09-22T17:19:21.993+1200"
2025-09-22T17:19:21.993+1200 [DEBUG] provider.terraform-provider-octopusdeploy: script modules datasource Metadata: tf_resource_type=octopusdeploy_lifecycle tf_rpc=GetMetadata @caller=/Users/rosenorthey/dev/terraform-provider-octopusdeploy/octopusdeploy_framework/data_source_script_modules.go:27 @module=octopusdeploy tf_mux_provider="*proto6server.Server" tf_provider_addr=registry.terraform.io/OctopusDeployLabs/octopusdeploy tf_req_id=17386a23-5649-2488-4f06-2edea4ea5d55 timestamp="2025-09-22T17:19:21.993+1200"
2025-09-22T17:19:21.998+1200 [DEBUG] provider.terraform-provider-octopusdeploy: Marking Computed attributes with null configuration values as unknown (known after apply) in the plan to prevent potential Terraform errors: @caller=/Users/rosenorthey/go/pkg/mod/github.com/hashicorp/terraform-plugin-framework@v1.11.0/internal/fwserver/server_planresourcechange.go:217 tf_mux_provider="*proto6server.Server" tf_provider_addr=registry.terraform.io/OctopusDeployLabs/octopusdeploy tf_rpc=PlanResourceChange @module=sdk.framework tf_req_id=290136ea-b026-f264-ea1e-96515e44d3dd tf_resource_type=octopusdeploy_lifecycle timestamp="2025-09-22T17:19:21.998+1200"
2025-09-22T17:19:21.998+1200 [DEBUG] provider.terraform-provider-octopusdeploy: marking computed attribute that is null in the config as unknown: @module=sdk.framework tf_mux_provider="*proto6server.Server" tf_req_id=290136ea-b026-f264-ea1e-96515e44d3dd tf_resource_type=octopusdeploy_lifecycle tf_rpc=PlanResourceChange @caller=/Users/rosenorthey/go/pkg/mod/github.com/hashicorp/terraform-plugin-framework@v1.11.0/internal/fwserver/server_planresourcechange.go:467 tf_attribute_path="AttributeName(\"release_retention_policy\").ElementKeyInt(0).AttributeName(\"unit\")" tf_provider_addr=registry.terraform.io/OctopusDeployLabs/octopusdeploy timestamp="2025-09-22T17:19:21.998+1200"
2025-09-22T17:19:21.998+1200 [DEBUG] provider.terraform-provider-octopusdeploy: marking computed attribute that is null in the config as unknown: @module=sdk.framework tf_resource_type=octopusdeploy_lifecycle tf_rpc=PlanResourceChange tf_attribute_path="AttributeName(\"release_retention_policy\").ElementKeyInt(0).AttributeName(\"should_keep_forever\")" tf_mux_provider="*proto6server.Server" tf_provider_addr=registry.terraform.io/OctopusDeployLabs/octopusdeploy tf_req_id=290136ea-b026-f264-ea1e-96515e44d3dd @caller=/Users/rosenorthey/go/pkg/mod/github.com/hashicorp/terraform-plugin-framework@v1.11.0/internal/fwserver/server_planresourcechange.go:467 timestamp="2025-09-22T17:19:21.998+1200"
2025-09-22T17:19:21.998+1200 [DEBUG] provider.terraform-provider-octopusdeploy: marking computed attribute that is null in the config as unknown: @caller=/Users/rosenorthey/go/pkg/mod/github.com/hashicorp/terraform-plugin-framework@v1.11.0/internal/fwserver/server_planresourcechange.go:467 @module=sdk.framework tf_attribute_path="AttributeName(\"id\")" tf_provider_addr=registry.terraform.io/OctopusDeployLabs/octopusdeploy tf_resource_type=octopusdeploy_lifecycle tf_mux_provider="*proto6server.Server" tf_req_id=290136ea-b026-f264-ea1e-96515e44d3dd tf_rpc=PlanResourceChange timestamp="2025-09-22T17:19:21.998+1200"
2025-09-22T17:19:21.998+1200 [DEBUG] provider.terraform-provider-octopusdeploy: marking computed attribute that is null in the config as unknown: tf_resource_type=octopusdeploy_lifecycle tf_rpc=PlanResourceChange @caller=/Users/rosenorthey/go/pkg/mod/github.com/hashicorp/terraform-plugin-framework@v1.11.0/internal/fwserver/server_planresourcechange.go:467 @module=sdk.framework tf_attribute_path="AttributeName(\"space_id\")" tf_provider_addr=registry.terraform.io/OctopusDeployLabs/octopusdeploy tf_req_id=290136ea-b026-f264-ea1e-96515e44d3dd tf_mux_provider="*proto6server.Server" timestamp="2025-09-22T17:19:21.998+1200"
2025-09-22T17:19:21.999+1200 [INFO]  Starting apply for octopusdeploy_lifecycle.lifecycle-2
2025-09-22T17:19:21.999+1200 [DEBUG] octopusdeploy_lifecycle.lifecycle-2: applying the planned Create change
2025-09-22T17:19:22.000+1200 [ERROR] provider.terraform-provider-octopusdeploy: Response contains error diagnostic:
  diagnostic_detail=
  | An unexpected error was encountered trying to convert tftypes.Value into octopusdeploy_framework.lifecycleTypeResourceModel. This is always an error in the provider. Please report the following to the provider developer:
  | 
  | mismatch between struct and object: Object defines fields not found in struct: tentacle_retention_strategy and release_retention_strategy.
   tf_provider_addr=registry.terraform.io/OctopusDeployLabs/octopusdeploy tf_resource_type=octopusdeploy_lifecycle diagnostic_severity=ERROR diagnostic_summary="Value Conversion Error" tf_proto_version=6.6 tf_req_id=2518d879-43fb-e489-bf25-946a301949cb tf_rpc=ApplyResourceChange @caller=/Users/rosenorthey/go/pkg/mod/github.com/hashicorp/terraform-plugin-go@v0.23.0/tfprotov6/internal/diag/diagnostics.go:58 @module=sdk.proto diagnostic_attribute="" timestamp="2025-09-22T17:19:22.000+1200"
2025-09-22T17:19:22.006+1200 [DEBUG] State storage *statemgr.Filesystem declined to persist a state snapshot
2025-09-22T17:19:22.006+1200 [ERROR] vertex "octopusdeploy_lifecycle.lifecycle-2" error: Value Conversion Error
2025-09-22T17:19:22.014+1200 [DEBUG] provider.stdio: received EOF, stopping recv loop: err="rpc error: code = Unavailable desc = error reading from server: EOF"
2025-09-22T17:19:22.015+1200 [INFO]  provider: plugin process exited: plugin=.terraform/providers/octopus.com/com/octopusdeploy/1.2.100/darwin_arm64/terraform-provider-octopusdeploy id=78828
2025-09-22T17:19:22.015+1200 [DEBUG] provider: plugin exited
